<?xml version="1.0" encoding="UTF-8"?>
<!-- Generated by org.testng.reporters.JUnitXMLReporter -->
<testsuite ignored="0" hostname="Pese" failures="0" tests="5" name="Default test" time="16.89" errors="0" timestamp="2023-12-04T20:16:59 ART">
  <testcase classname="test_register.Register" name="register" time="1.224"/>
  <testcase classname="test_register.Register" name="registerUsrExistent" time="1.182"/>
  <testcase classname="test_register.Register" name="registerUsrOrPassNull" time="0.667"/>
  <testcase classname="test_register.Register" name="registerUsrOrPassNull" time="0.686"/>
  <testcase classname="test_register.Register" name="registerNull" time="0.593"/>
</testsuite> <!-- Default test -->
